2025-12-01 00:01:35.283 DEBUG [http-nio-8080-exec-6] c.h.q.s.JwtAuthenticationFilter - Authenticated user: ngothanhhoa3514@gmail.com with role: USER
2025-12-01 00:12:17.899 DEBUG [http-nio-8080-exec-9] c.h.q.s.JwtAuthenticationFilter - Authenticated user: ngothanhhoa3514@gmail.com with role: USER
2025-12-01 00:12:17.917 DEBUG [http-nio-8080-exec-8] c.h.q.s.JwtAuthenticationFilter - Authenticated user: ngothanhhoa3514@gmail.com with role: USER
2025-12-01 00:12:17.917 DEBUG [http-nio-8080-exec-5] c.h.q.s.JwtAuthenticationFilter - Authenticated user: ngothanhhoa3514@gmail.com with role: USER
2025-12-01 00:12:18.216 DEBUG [http-nio-8080-exec-10] c.h.q.s.JwtAuthenticationFilter - Authenticated user: ngothanhhoa3514@gmail.com with role: USER
2025-12-01 00:12:18.237 DEBUG [http-nio-8080-exec-10] c.h.q.s.JwtAuthenticationFilter - Authenticated user: ngothanhhoa3514@gmail.com with role: USER
2025-12-01 00:12:22.292 DEBUG [http-nio-8080-exec-6] c.h.q.s.JwtAuthenticationFilter - Authenticated user: ngothanhhoa3514@gmail.com with role: USER
2025-12-01 00:12:22.330 DEBUG [http-nio-8080-exec-7] c.h.q.s.JwtAuthenticationFilter - Authenticated user: ngothanhhoa3514@gmail.com with role: USER
2025-12-01 00:23:25.532 DEBUG [http-nio-8080-exec-1] c.h.q.s.JwtAuthenticationFilter - Authenticated user: ngothanhhoa3514@gmail.com with role: USER
2025-12-01 00:23:25.534 DEBUG [http-nio-8080-exec-2] c.h.q.s.JwtAuthenticationFilter - Authenticated user: ngothanhhoa3514@gmail.com with role: USER
2025-12-01 00:23:25.686 DEBUG [http-nio-8080-exec-4] c.h.q.s.JwtAuthenticationFilter - Authenticated user: ngothanhhoa3514@gmail.com with role: USER
2025-12-01 00:25:16.120 DEBUG [http-nio-8080-exec-8] c.h.q.s.JwtAuthenticationFilter - Authenticated user: ngothanhhoa3514@gmail.com with role: USER
2025-12-01 00:25:16.152 DEBUG [http-nio-8080-exec-5] c.h.q.s.JwtAuthenticationFilter - Authenticated user: ngothanhhoa3514@gmail.com with role: USER
2025-12-01 00:25:16.168 DEBUG [http-nio-8080-exec-3] c.h.q.s.JwtAuthenticationFilter - Authenticated user: ngothanhhoa3514@gmail.com with role: USER
2025-12-01 00:25:16.179 DEBUG [http-nio-8080-exec-9] c.h.q.s.JwtAuthenticationFilter - Authenticated user: ngothanhhoa3514@gmail.com with role: USER
2025-12-01 00:25:21.318 DEBUG [http-nio-8080-exec-10] c.h.q.s.JwtAuthenticationFilter - Authenticated user: ngothanhhoa3514@gmail.com with role: USER
2025-12-01 00:25:22.776 DEBUG [http-nio-8080-exec-1] c.h.q.s.JwtAuthenticationFilter - Authenticated user: ngothanhhoa3514@gmail.com with role: USER
2025-12-01 00:31:38.532 DEBUG [http-nio-8080-exec-7] c.h.q.s.JwtAuthenticationFilter - Authenticated user: ngothanhhoa3514@gmail.com with role: USER
2025-12-01 00:31:38.599 DEBUG [http-nio-8080-exec-8] c.h.q.s.JwtAuthenticationFilter - Authenticated user: ngothanhhoa3514@gmail.com with role: USER
2025-12-01 00:31:38.952 DEBUG [http-nio-8080-exec-3] c.h.q.s.JwtAuthenticationFilter - Authenticated user: ngothanhhoa3514@gmail.com with role: USER
2025-12-01 00:31:38.955 DEBUG [http-nio-8080-exec-5] c.h.q.s.JwtAuthenticationFilter - Authenticated user: ngothanhhoa3514@gmail.com with role: USER
2025-12-01 00:31:39.481 DEBUG [http-nio-8080-exec-9] c.h.q.s.JwtAuthenticationFilter - Authenticated user: ngothanhhoa3514@gmail.com with role: USER
2025-12-01 00:32:07.902 DEBUG [http-nio-8080-exec-10] c.h.q.s.JwtAuthenticationFilter - Authenticated user: ngothanhhoa3514@gmail.com with role: USER
2025-12-01 00:32:07.982 DEBUG [http-nio-8080-exec-1] c.h.q.s.JwtAuthenticationFilter - Authenticated user: ngothanhhoa3514@gmail.com with role: USER
2025-12-01 00:32:08.269 DEBUG [http-nio-8080-exec-4] c.h.q.s.JwtAuthenticationFilter - Authenticated user: ngothanhhoa3514@gmail.com with role: USER
2025-12-01 00:32:08.271 DEBUG [http-nio-8080-exec-2] c.h.q.s.JwtAuthenticationFilter - Authenticated user: ngothanhhoa3514@gmail.com with role: USER
2025-12-01 00:32:08.687 DEBUG [http-nio-8080-exec-6] c.h.q.s.JwtAuthenticationFilter - Authenticated user: ngothanhhoa3514@gmail.com with role: USER
2025-12-01 00:32:44.445 DEBUG [http-nio-8080-exec-7] c.h.q.s.JwtAuthenticationFilter - Authenticated user: ngothanhhoa3514@gmail.com with role: USER
2025-12-01 00:32:44.495 DEBUG [http-nio-8080-exec-8] c.h.q.s.JwtAuthenticationFilter - Authenticated user: ngothanhhoa3514@gmail.com with role: USER
2025-12-01 00:32:44.679 DEBUG [http-nio-8080-exec-5] c.h.q.s.JwtAuthenticationFilter - Authenticated user: ngothanhhoa3514@gmail.com with role: USER
2025-12-01 00:32:44.687 DEBUG [http-nio-8080-exec-3] c.h.q.s.JwtAuthenticationFilter - Authenticated user: ngothanhhoa3514@gmail.com with role: USER
2025-12-01 00:32:45.005 DEBUG [http-nio-8080-exec-9] c.h.q.s.JwtAuthenticationFilter - Authenticated user: ngothanhhoa3514@gmail.com with role: USER
2025-12-01 00:33:50.167 DEBUG [http-nio-8080-exec-4] c.h.q.s.JwtAuthenticationFilter - Authenticated user: ngothanhhoa3514@gmail.com with role: USER
2025-12-01 00:33:50.222 DEBUG [http-nio-8080-exec-2] c.h.q.s.JwtAuthenticationFilter - Authenticated user: ngothanhhoa3514@gmail.com with role: USER
2025-12-01 00:33:50.228 DEBUG [http-nio-8080-exec-6] c.h.q.s.JwtAuthenticationFilter - Authenticated user: ngothanhhoa3514@gmail.com with role: USER
2025-12-01 00:43:17.036 DEBUG [http-nio-8080-exec-5] c.h.q.s.JwtAuthenticationFilter - Authenticated user: ngothanhhoa3514@gmail.com with role: USER
2025-12-01 00:43:17.078 DEBUG [http-nio-8080-exec-3] c.h.q.s.JwtAuthenticationFilter - Authenticated user: ngothanhhoa3514@gmail.com with role: USER
2025-12-01 00:43:17.104 DEBUG [http-nio-8080-exec-9] c.h.q.s.JwtAuthenticationFilter - Authenticated user: ngothanhhoa3514@gmail.com with role: USER
2025-12-01 00:50:08.456 DEBUG [http-nio-8080-exec-4] c.h.q.s.JwtAuthenticationFilter - Authenticated user: ngothanhhoa3514@gmail.com with role: USER
2025-12-01 00:50:08.533 DEBUG [http-nio-8080-exec-2] c.h.q.s.JwtAuthenticationFilter - Authenticated user: ngothanhhoa3514@gmail.com with role: USER
2025-12-01 00:50:08.909 DEBUG [http-nio-8080-exec-6] c.h.q.s.JwtAuthenticationFilter - Authenticated user: ngothanhhoa3514@gmail.com with role: USER
2025-12-01 00:50:09.481 DEBUG [http-nio-8080-exec-7] c.h.q.s.JwtAuthenticationFilter - Authenticated user: ngothanhhoa3514@gmail.com with role: USER
2025-12-01 00:50:09.843 DEBUG [http-nio-8080-exec-8] c.h.q.s.JwtAuthenticationFilter - Authenticated user: ngothanhhoa3514@gmail.com with role: USER
2025-12-01 00:50:09.944 DEBUG [http-nio-8080-exec-5] c.h.q.s.JwtAuthenticationFilter - Authenticated user: ngothanhhoa3514@gmail.com with role: USER
2025-12-01 00:50:10.098 DEBUG [http-nio-8080-exec-9] c.h.q.s.JwtAuthenticationFilter - Authenticated user: ngothanhhoa3514@gmail.com with role: USER
2025-12-01 00:50:10.099 DEBUG [http-nio-8080-exec-3] c.h.q.s.JwtAuthenticationFilter - Authenticated user: ngothanhhoa3514@gmail.com with role: USER
2025-12-01 00:50:19.478 DEBUG [http-nio-8080-exec-4] c.h.q.s.JwtAuthenticationFilter - Authenticated user: ngothanhhoa3514@gmail.com with role: USER
2025-12-01 00:50:19.543 DEBUG [http-nio-8080-exec-2] c.h.q.s.JwtAuthenticationFilter - Authenticated user: ngothanhhoa3514@gmail.com with role: USER
2025-12-01 00:50:19.549 DEBUG [http-nio-8080-exec-6] c.h.q.s.JwtAuthenticationFilter - Authenticated user: ngothanhhoa3514@gmail.com with role: USER
2025-12-01 00:54:21.222 DEBUG [http-nio-8080-exec-5] c.h.q.s.JwtAuthenticationFilter - Authenticated user: ngothanhhoa3514@gmail.com with role: USER
2025-12-01 00:54:21.261 DEBUG [http-nio-8080-exec-9] c.h.q.s.JwtAuthenticationFilter - Authenticated user: ngothanhhoa3514@gmail.com with role: USER
2025-12-01 00:54:21.318 DEBUG [http-nio-8080-exec-3] c.h.q.s.JwtAuthenticationFilter - Authenticated user: ngothanhhoa3514@gmail.com with role: USER
2025-12-01 00:54:21.329 DEBUG [http-nio-8080-exec-1] c.h.q.s.JwtAuthenticationFilter - Authenticated user: ngothanhhoa3514@gmail.com with role: USER
2025-12-01 01:01:01.404 DEBUG [http-nio-8080-exec-6] c.h.q.s.JwtAuthenticationFilter - Authenticated user: ngothanhhoa3514@gmail.com with role: USER
2025-12-01 01:01:01.404 DEBUG [http-nio-8080-exec-2] c.h.q.s.JwtAuthenticationFilter - Authenticated user: ngothanhhoa3514@gmail.com with role: USER
2025-12-01 01:01:01.451 DEBUG [http-nio-8080-exec-7] c.h.q.s.JwtAuthenticationFilter - Authenticated user: ngothanhhoa3514@gmail.com with role: USER
2025-12-01 01:01:01.625 DEBUG [http-nio-8080-exec-8] c.h.q.s.JwtAuthenticationFilter - Authenticated user: ngothanhhoa3514@gmail.com with role: USER
2025-12-01 01:01:01.672 DEBUG [http-nio-8080-exec-5] c.h.q.s.JwtAuthenticationFilter - Authenticated user: ngothanhhoa3514@gmail.com with role: USER
2025-12-01 01:01:01.673 DEBUG [http-nio-8080-exec-9] c.h.q.s.JwtAuthenticationFilter - Authenticated user: ngothanhhoa3514@gmail.com with role: USER
2025-12-01 01:01:42.330 DEBUG [http-nio-8080-exec-10] c.h.q.s.JwtAuthenticationFilter - Authenticated user: ngothanhhoa3514@gmail.com with role: USER
2025-12-01 01:01:42.418 DEBUG [http-nio-8080-exec-6] c.h.q.s.JwtAuthenticationFilter - Authenticated user: ngothanhhoa3514@gmail.com with role: USER
2025-12-01 01:01:42.583 DEBUG [http-nio-8080-exec-7] c.h.q.s.JwtAuthenticationFilter - Authenticated user: ngothanhhoa3514@gmail.com with role: USER
2025-12-01 01:01:42.587 DEBUG [http-nio-8080-exec-2] c.h.q.s.JwtAuthenticationFilter - Authenticated user: ngothanhhoa3514@gmail.com with role: USER
2025-12-01 01:02:15.658 INFO  [SpringApplicationShutdownHook] o.s.b.w.e.tomcat.GracefulShutdown - Commencing graceful shutdown. Waiting for active requests to complete
2025-12-01 01:02:15.671 INFO  [tomcat-shutdown] o.s.b.w.e.tomcat.GracefulShutdown - Graceful shutdown complete
2025-12-01 01:02:15.799 INFO  [SpringApplicationShutdownHook] o.s.o.j.LocalContainerEntityManagerFactoryBean - Closing JPA EntityManagerFactory for persistence unit 'default'
2025-12-01 01:02:15.803 INFO  [SpringApplicationShutdownHook] com.zaxxer.hikari.HikariDataSource - HikariPool-1 - Shutdown initiated...
2025-12-01 01:02:15.805 INFO  [SpringApplicationShutdownHook] com.zaxxer.hikari.HikariDataSource - HikariPool-1 - Shutdown completed.
2025-12-01 08:35:38.274 INFO  [main] c.h.q.QuanlikhachsanApplication - Starting QuanlikhachsanApplication using Java 23.0.1 with PID 7264 (D:\Java\02_Projects\Hotel Management FullStack\quanlikhachsan\quanlikhachsan\target\classes started by Surface in D:\Java\02_Projects\Hotel Management FullStack\quanlikhachsan\quanlikhachsan)
2025-12-01 08:35:38.277 DEBUG [main] c.h.q.QuanlikhachsanApplication - Running with Spring Boot v3.5.7, Spring v6.2.12
2025-12-01 08:35:38.278 INFO  [main] c.h.q.QuanlikhachsanApplication - No active profile set, falling back to 1 default profile: "default"
2025-12-01 08:35:40.067 INFO  [main] o.s.d.r.c.RepositoryConfigurationDelegate - Multiple Spring Data modules found, entering strict repository configuration mode
2025-12-01 08:35:40.072 INFO  [main] o.s.d.r.c.RepositoryConfigurationDelegate - Bootstrapping Spring Data JPA repositories in DEFAULT mode.
2025-12-01 08:35:40.549 INFO  [main] o.s.d.r.c.RepositoryConfigurationDelegate - Finished Spring Data repository scanning in 453 ms. Found 7 JPA repository interfaces.
2025-12-01 08:35:40.601 INFO  [main] o.s.d.r.c.RepositoryConfigurationDelegate - Multiple Spring Data modules found, entering strict repository configuration mode
2025-12-01 08:35:40.605 INFO  [main] o.s.d.r.c.RepositoryConfigurationDelegate - Bootstrapping Spring Data Redis repositories in DEFAULT mode.
2025-12-01 08:35:40.657 INFO  [main] o.s.d.r.c.RepositoryConfigurationExtensionSupport - Spring Data Redis - Could not safely identify store assignment for repository candidate interface com.hotelmanagement.quanlikhachsan.repository.GuestRepository; If you want this repository to be a Redis repository, consider annotating your entities with one of these annotations: org.springframework.data.redis.core.RedisHash (preferred), or consider extending one of the following types with your repository: org.springframework.data.keyvalue.repository.KeyValueRepository
2025-12-01 08:35:40.658 INFO  [main] o.s.d.r.c.RepositoryConfigurationExtensionSupport - Spring Data Redis - Could not safely identify store assignment for repository candidate interface com.hotelmanagement.quanlikhachsan.repository.ReservationRepository; If you want this repository to be a Redis repository, consider annotating your entities with one of these annotations: org.springframework.data.redis.core.RedisHash (preferred), or consider extending one of the following types with your repository: org.springframework.data.keyvalue.repository.KeyValueRepository
2025-12-01 08:35:40.662 INFO  [main] o.s.d.r.c.RepositoryConfigurationExtensionSupport - Spring Data Redis - Could not safely identify store assignment for repository candidate interface com.hotelmanagement.quanlikhachsan.repository.ReservationRoomRepository; If you want this repository to be a Redis repository, consider annotating your entities with one of these annotations: org.springframework.data.redis.core.RedisHash (preferred), or consider extending one of the following types with your repository: org.springframework.data.keyvalue.repository.KeyValueRepository
2025-12-01 08:35:40.663 INFO  [main] o.s.d.r.c.RepositoryConfigurationExtensionSupport - Spring Data Redis - Could not safely identify store assignment for repository candidate interface com.hotelmanagement.quanlikhachsan.repository.RoomImageRepository; If you want this repository to be a Redis repository, consider annotating your entities with one of these annotations: org.springframework.data.redis.core.RedisHash (preferred), or consider extending one of the following types with your repository: org.springframework.data.keyvalue.repository.KeyValueRepository
2025-12-01 08:35:40.664 INFO  [main] o.s.d.r.c.RepositoryConfigurationExtensionSupport - Spring Data Redis - Could not safely identify store assignment for repository candidate interface com.hotelmanagement.quanlikhachsan.repository.RoomRepository; If you want this repository to be a Redis repository, consider annotating your entities with one of these annotations: org.springframework.data.redis.core.RedisHash (preferred), or consider extending one of the following types with your repository: org.springframework.data.keyvalue.repository.KeyValueRepository
2025-12-01 08:35:40.665 INFO  [main] o.s.d.r.c.RepositoryConfigurationExtensionSupport - Spring Data Redis - Could not safely identify store assignment for repository candidate interface com.hotelmanagement.quanlikhachsan.repository.RoomStatusRepository; If you want this repository to be a Redis repository, consider annotating your entities with one of these annotations: org.springframework.data.redis.core.RedisHash (preferred), or consider extending one of the following types with your repository: org.springframework.data.keyvalue.repository.KeyValueRepository
2025-12-01 08:35:40.667 INFO  [main] o.s.d.r.c.RepositoryConfigurationExtensionSupport - Spring Data Redis - Could not safely identify store assignment for repository candidate interface com.hotelmanagement.quanlikhachsan.repository.RoomTypeRepository; If you want this repository to be a Redis repository, consider annotating your entities with one of these annotations: org.springframework.data.redis.core.RedisHash (preferred), or consider extending one of the following types with your repository: org.springframework.data.keyvalue.repository.KeyValueRepository
2025-12-01 08:35:40.667 INFO  [main] o.s.d.r.c.RepositoryConfigurationDelegate - Finished Spring Data repository scanning in 37 ms. Found 0 Redis repository interfaces.
2025-12-01 08:35:41.958 INFO  [main] o.s.b.w.e.tomcat.TomcatWebServer - Tomcat initialized with port 8080 (http)
2025-12-01 08:35:41.985 INFO  [main] o.a.coyote.http11.Http11NioProtocol - Initializing ProtocolHandler ["http-nio-8080"]
2025-12-01 08:35:41.992 INFO  [main] o.a.catalina.core.StandardService - Starting service [Tomcat]
2025-12-01 08:35:41.992 INFO  [main] o.a.catalina.core.StandardEngine - Starting Servlet engine: [Apache Tomcat/10.1.48]
2025-12-01 08:35:42.112 INFO  [main] o.a.c.c.C.[Tomcat].[localhost].[/] - Initializing Spring embedded WebApplicationContext
2025-12-01 08:35:42.113 INFO  [main] o.s.b.w.s.c.ServletWebServerApplicationContext - Root WebApplicationContext: initialization completed in 3721 ms
2025-12-01 08:35:42.219 DEBUG [main] c.h.q.s.JwtAuthenticationFilter - Filter 'jwtAuthenticationFilter' configured for use
2025-12-01 08:35:42.615 INFO  [main] com.zaxxer.hikari.HikariDataSource - HikariPool-1 - Starting...
2025-12-01 08:35:42.958 INFO  [main] com.zaxxer.hikari.pool.HikariPool - HikariPool-1 - Added connection org.postgresql.jdbc.PgConnection@6e794f53
2025-12-01 08:35:42.959 INFO  [main] com.zaxxer.hikari.HikariDataSource - HikariPool-1 - Start completed.
2025-12-01 08:35:43.042 INFO  [main] org.flywaydb.core.FlywayExecutor - Database: jdbc:postgresql://localhost:5432/hotelmanagement (PostgreSQL 15.13)
2025-12-01 08:35:43.229 INFO  [main] o.f.core.internal.command.DbValidate - Successfully validated 3 migrations (execution time 00:00.093s)
2025-12-01 08:35:43.284 INFO  [main] o.f.core.internal.command.DbMigrate - Current version of schema "public": 3
2025-12-01 08:35:43.293 INFO  [main] o.f.core.internal.command.DbMigrate - Schema "public" is up to date. No migration necessary.
2025-12-01 08:35:44.215 INFO  [main] o.s.o.j.p.SpringPersistenceUnitInfo - No LoadTimeWeaver setup: ignoring JPA class transformer
2025-12-01 08:35:44.367 WARN  [main] org.hibernate.orm.deprecation - HHH90000025: PostgreSQLDialect does not need to be specified explicitly using 'hibernate.dialect' (remove the property setting and it will be selected by default)
2025-12-01 08:35:46.808 INFO  [main] o.s.o.j.LocalContainerEntityManagerFactoryBean - Initialized JPA EntityManagerFactory for persistence unit 'default'
2025-12-01 08:35:49.092 INFO  [main] o.s.d.j.r.query.QueryEnhancerFactory - Hibernate is in classpath; If applicable, HQL parser will be used.
2025-12-01 08:35:52.303 WARN  [main] o.s.b.a.s.s.UserDetailsServiceAutoConfiguration - 

Using generated security password: 2d7cb0dc-6763-4159-8d98-2485c91e63dd

This generated password is for development use only. Your security configuration must be updated before running your application in production.

2025-12-01 08:35:52.322 INFO  [main] o.s.s.c.a.a.c.InitializeUserDetailsBeanManagerConfigurer$InitializeUserDetailsManagerConfigurer - Global AuthenticationManager configured with UserDetailsService bean with name inMemoryUserDetailsManager
2025-12-01 08:35:53.153 INFO  [main] o.a.coyote.http11.Http11NioProtocol - Starting ProtocolHandler ["http-nio-8080"]
2025-12-01 08:35:53.195 INFO  [main] o.s.b.w.e.tomcat.TomcatWebServer - Tomcat started on port 8080 (http) with context path '/'
2025-12-01 08:35:53.207 INFO  [main] c.h.q.QuanlikhachsanApplication - Started QuanlikhachsanApplication in 16.121 seconds (process running for 17.548)
2025-12-01 08:36:45.433 INFO  [http-nio-8080-exec-1] o.a.c.c.C.[Tomcat].[localhost].[/] - Initializing Spring DispatcherServlet 'dispatcherServlet'
2025-12-01 08:36:45.435 INFO  [http-nio-8080-exec-1] o.s.web.servlet.DispatcherServlet - Initializing Servlet 'dispatcherServlet'
2025-12-01 08:36:45.436 INFO  [http-nio-8080-exec-1] o.s.web.servlet.DispatcherServlet - Completed initialization in 1 ms
2025-12-01 08:36:46.003 DEBUG [http-nio-8080-exec-1] c.h.q.s.JwtAuthenticationFilter - Authenticated user: ngothanhhoa3514@gmail.com with role: USER
2025-12-01 08:37:03.196 DEBUG [http-nio-8080-exec-3] c.h.q.s.JwtAuthenticationFilter - Authenticated user: ngothanhhoa3514@gmail.com with role: USER
2025-12-01 08:37:03.813 DEBUG [http-nio-8080-exec-4] c.h.q.s.JwtAuthenticationFilter - Authenticated user: ngothanhhoa3514@gmail.com with role: USER
2025-12-01 08:37:03.864 DEBUG [http-nio-8080-exec-5] c.h.q.s.JwtAuthenticationFilter - Authenticated user: ngothanhhoa3514@gmail.com with role: USER
2025-12-01 08:37:03.869 DEBUG [http-nio-8080-exec-6] c.h.q.s.JwtAuthenticationFilter - Authenticated user: ngothanhhoa3514@gmail.com with role: USER
2025-12-01 08:37:20.325 DEBUG [http-nio-8080-exec-7] c.h.q.s.JwtAuthenticationFilter - Authenticated user: ngothanhhoa3514@gmail.com with role: USER
2025-12-01 08:37:25.176 DEBUG [http-nio-8080-exec-9] c.h.q.s.JwtAuthenticationFilter - Authenticated user: ngothanhhoa3514@gmail.com with role: USER
2025-12-01 08:43:30.491 DEBUG [http-nio-8080-exec-5] c.h.q.s.JwtAuthenticationFilter - Authenticated user: ngothanhhoa3514@gmail.com with role: USER
2025-12-01 08:50:38.722 INFO  [SpringApplicationShutdownHook] o.s.b.w.e.tomcat.GracefulShutdown - Commencing graceful shutdown. Waiting for active requests to complete
2025-12-01 08:50:38.732 INFO  [tomcat-shutdown] o.s.b.w.e.tomcat.GracefulShutdown - Graceful shutdown complete
2025-12-01 08:50:38.871 INFO  [SpringApplicationShutdownHook] o.s.o.j.LocalContainerEntityManagerFactoryBean - Closing JPA EntityManagerFactory for persistence unit 'default'
2025-12-01 08:50:38.875 INFO  [SpringApplicationShutdownHook] com.zaxxer.hikari.HikariDataSource - HikariPool-1 - Shutdown initiated...
2025-12-01 08:50:38.878 INFO  [SpringApplicationShutdownHook] com.zaxxer.hikari.HikariDataSource - HikariPool-1 - Shutdown completed.
2025-12-01 19:51:23.674 INFO  [main] c.h.q.QuanlikhachsanApplication - Starting QuanlikhachsanApplication using Java 23.0.1 with PID 21500 (D:\Java\02_Projects\Hotel Management FullStack\quanlikhachsan\quanlikhachsan\target\classes started by Surface in D:\Java\02_Projects\Hotel Management FullStack\quanlikhachsan\quanlikhachsan)
2025-12-01 19:51:23.681 DEBUG [main] c.h.q.QuanlikhachsanApplication - Running with Spring Boot v3.5.7, Spring v6.2.12
2025-12-01 19:51:23.683 INFO  [main] c.h.q.QuanlikhachsanApplication - No active profile set, falling back to 1 default profile: "default"
2025-12-01 19:51:26.483 INFO  [main] o.s.d.r.c.RepositoryConfigurationDelegate - Multiple Spring Data modules found, entering strict repository configuration mode
2025-12-01 19:51:26.491 INFO  [main] o.s.d.r.c.RepositoryConfigurationDelegate - Bootstrapping Spring Data JPA repositories in DEFAULT mode.
2025-12-01 19:51:27.013 INFO  [main] o.s.d.r.c.RepositoryConfigurationDelegate - Finished Spring Data repository scanning in 497 ms. Found 7 JPA repository interfaces.
2025-12-01 19:51:27.073 INFO  [main] o.s.d.r.c.RepositoryConfigurationDelegate - Multiple Spring Data modules found, entering strict repository configuration mode
2025-12-01 19:51:27.076 INFO  [main] o.s.d.r.c.RepositoryConfigurationDelegate - Bootstrapping Spring Data Redis repositories in DEFAULT mode.
2025-12-01 19:51:27.159 INFO  [main] o.s.d.r.c.RepositoryConfigurationExtensionSupport - Spring Data Redis - Could not safely identify store assignment for repository candidate interface com.hotelmanagement.quanlikhachsan.repository.GuestRepository; If you want this repository to be a Redis repository, consider annotating your entities with one of these annotations: org.springframework.data.redis.core.RedisHash (preferred), or consider extending one of the following types with your repository: org.springframework.data.keyvalue.repository.KeyValueRepository
2025-12-01 19:51:27.163 INFO  [main] o.s.d.r.c.RepositoryConfigurationExtensionSupport - Spring Data Redis - Could not safely identify store assignment for repository candidate interface com.hotelmanagement.quanlikhachsan.repository.ReservationRepository; If you want this repository to be a Redis repository, consider annotating your entities with one of these annotations: org.springframework.data.redis.core.RedisHash (preferred), or consider extending one of the following types with your repository: org.springframework.data.keyvalue.repository.KeyValueRepository
2025-12-01 19:51:27.168 INFO  [main] o.s.d.r.c.RepositoryConfigurationExtensionSupport - Spring Data Redis - Could not safely identify store assignment for repository candidate interface com.hotelmanagement.quanlikhachsan.repository.ReservationRoomRepository; If you want this repository to be a Redis repository, consider annotating your entities with one of these annotations: org.springframework.data.redis.core.RedisHash (preferred), or consider extending one of the following types with your repository: org.springframework.data.keyvalue.repository.KeyValueRepository
2025-12-01 19:51:27.169 INFO  [main] o.s.d.r.c.RepositoryConfigurationExtensionSupport - Spring Data Redis - Could not safely identify store assignment for repository candidate interface com.hotelmanagement.quanlikhachsan.repository.RoomImageRepository; If you want this repository to be a Redis repository, consider annotating your entities with one of these annotations: org.springframework.data.redis.core.RedisHash (preferred), or consider extending one of the following types with your repository: org.springframework.data.keyvalue.repository.KeyValueRepository
2025-12-01 19:51:27.171 INFO  [main] o.s.d.r.c.RepositoryConfigurationExtensionSupport - Spring Data Redis - Could not safely identify store assignment for repository candidate interface com.hotelmanagement.quanlikhachsan.repository.RoomRepository; If you want this repository to be a Redis repository, consider annotating your entities with one of these annotations: org.springframework.data.redis.core.RedisHash (preferred), or consider extending one of the following types with your repository: org.springframework.data.keyvalue.repository.KeyValueRepository
2025-12-01 19:51:27.173 INFO  [main] o.s.d.r.c.RepositoryConfigurationExtensionSupport - Spring Data Redis - Could not safely identify store assignment for repository candidate interface com.hotelmanagement.quanlikhachsan.repository.RoomStatusRepository; If you want this repository to be a Redis repository, consider annotating your entities with one of these annotations: org.springframework.data.redis.core.RedisHash (preferred), or consider extending one of the following types with your repository: org.springframework.data.keyvalue.repository.KeyValueRepository
2025-12-01 19:51:27.174 INFO  [main] o.s.d.r.c.RepositoryConfigurationExtensionSupport - Spring Data Redis - Could not safely identify store assignment for repository candidate interface com.hotelmanagement.quanlikhachsan.repository.RoomTypeRepository; If you want this repository to be a Redis repository, consider annotating your entities with one of these annotations: org.springframework.data.redis.core.RedisHash (preferred), or consider extending one of the following types with your repository: org.springframework.data.keyvalue.repository.KeyValueRepository
2025-12-01 19:51:27.175 INFO  [main] o.s.d.r.c.RepositoryConfigurationDelegate - Finished Spring Data repository scanning in 62 ms. Found 0 Redis repository interfaces.
2025-12-01 19:51:29.308 INFO  [main] o.s.b.w.e.tomcat.TomcatWebServer - Tomcat initialized with port 8080 (http)
2025-12-01 19:51:29.349 INFO  [main] o.a.coyote.http11.Http11NioProtocol - Initializing ProtocolHandler ["http-nio-8080"]
2025-12-01 19:51:29.353 INFO  [main] o.a.catalina.core.StandardService - Starting service [Tomcat]
2025-12-01 19:51:29.354 INFO  [main] o.a.catalina.core.StandardEngine - Starting Servlet engine: [Apache Tomcat/10.1.48]
2025-12-01 19:51:29.493 INFO  [main] o.a.c.c.C.[Tomcat].[localhost].[/] - Initializing Spring embedded WebApplicationContext
2025-12-01 19:51:29.494 INFO  [main] o.s.b.w.s.c.ServletWebServerApplicationContext - Root WebApplicationContext: initialization completed in 5653 ms
2025-12-01 19:51:29.641 DEBUG [main] c.h.q.s.JwtAuthenticationFilter - Filter 'jwtAuthenticationFilter' configured for use
2025-12-01 19:51:30.338 INFO  [main] com.zaxxer.hikari.HikariDataSource - HikariPool-1 - Starting...
2025-12-01 19:51:30.844 INFO  [main] com.zaxxer.hikari.pool.HikariPool - HikariPool-1 - Added connection org.postgresql.jdbc.PgConnection@37cf91d8
2025-12-01 19:51:30.849 INFO  [main] com.zaxxer.hikari.HikariDataSource - HikariPool-1 - Start completed.
2025-12-01 19:51:30.931 INFO  [main] org.flywaydb.core.FlywayExecutor - Database: jdbc:postgresql://localhost:5432/hotelmanagement (PostgreSQL 15.13)
2025-12-01 19:51:31.142 INFO  [main] o.f.core.internal.command.DbValidate - Successfully validated 3 migrations (execution time 00:00.131s)
2025-12-01 19:51:31.222 INFO  [main] o.f.core.internal.command.DbMigrate - Current version of schema "public": 3
2025-12-01 19:51:31.231 INFO  [main] o.f.core.internal.command.DbMigrate - Schema "public" is up to date. No migration necessary.
2025-12-01 19:51:32.750 INFO  [main] o.s.o.j.p.SpringPersistenceUnitInfo - No LoadTimeWeaver setup: ignoring JPA class transformer
2025-12-01 19:51:33.025 WARN  [main] org.hibernate.orm.deprecation - HHH90000025: PostgreSQLDialect does not need to be specified explicitly using 'hibernate.dialect' (remove the property setting and it will be selected by default)
2025-12-01 19:51:35.754 INFO  [main] o.s.o.j.LocalContainerEntityManagerFactoryBean - Initialized JPA EntityManagerFactory for persistence unit 'default'
2025-12-01 19:51:39.252 INFO  [main] o.s.d.j.r.query.QueryEnhancerFactory - Hibernate is in classpath; If applicable, HQL parser will be used.
2025-12-01 19:51:45.480 WARN  [main] o.s.b.a.s.s.UserDetailsServiceAutoConfiguration - 

Using generated security password: b5b0264f-aedc-48cf-93dd-66e841fb2d93

This generated password is for development use only. Your security configuration must be updated before running your application in production.

2025-12-01 19:51:45.535 INFO  [main] o.s.s.c.a.a.c.InitializeUserDetailsBeanManagerConfigurer$InitializeUserDetailsManagerConfigurer - Global AuthenticationManager configured with UserDetailsService bean with name inMemoryUserDetailsManager
2025-12-01 19:51:47.928 INFO  [main] o.a.coyote.http11.Http11NioProtocol - Starting ProtocolHandler ["http-nio-8080"]
2025-12-01 19:51:47.981 INFO  [main] o.s.b.w.e.tomcat.TomcatWebServer - Tomcat started on port 8080 (http) with context path '/'
2025-12-01 19:51:48.009 INFO  [main] c.h.q.QuanlikhachsanApplication - Started QuanlikhachsanApplication in 26.226 seconds (process running for 29.278)
2025-12-01 19:52:28.611 INFO  [http-nio-8080-exec-1] o.a.c.c.C.[Tomcat].[localhost].[/] - Initializing Spring DispatcherServlet 'dispatcherServlet'
2025-12-01 19:52:28.613 INFO  [http-nio-8080-exec-1] o.s.web.servlet.DispatcherServlet - Initializing Servlet 'dispatcherServlet'
2025-12-01 19:52:28.616 INFO  [http-nio-8080-exec-1] o.s.web.servlet.DispatcherServlet - Completed initialization in 3 ms
2025-12-01 19:52:29.277 DEBUG [http-nio-8080-exec-1] c.h.q.s.JwtAuthenticationFilter - Authenticated user: ngothanhhoa3514@gmail.com with role: USER
2025-12-01 19:53:04.391 DEBUG [http-nio-8080-exec-3] c.h.q.s.JwtAuthenticationFilter - Authenticated user: ngothanhhoa3514@gmail.com with role: USER
2025-12-01 19:53:10.149 DEBUG [http-nio-8080-exec-5] c.h.q.s.JwtAuthenticationFilter - Authenticated user: ngothanhhoa3514@gmail.com with role: USER
2025-12-01 19:53:45.167 DEBUG [http-nio-8080-exec-8] c.h.q.s.JwtAuthenticationFilter - Authenticated user: ngothanhhoa3514@gmail.com with role: USER
2025-12-01 19:53:45.286 DEBUG [http-nio-8080-exec-10] c.h.q.s.JwtAuthenticationFilter - Authenticated user: ngothanhhoa3514@gmail.com with role: USER
2025-12-01 19:53:45.405 INFO  [http-nio-8080-exec-10] c.h.q.c.ReservationController - Creating reservation for keycloakUserId: 79a2027e-61fb-4e78-b8a5-7bd29c5ebd7c
2025-12-01 19:53:45.410 DEBUG [http-nio-8080-exec-10] c.h.q.s.r.ReservationServiceImpl - Creating reservation for keycloakUserId: 79a2027e-61fb-4e78-b8a5-7bd29c5ebd7c
2025-12-01 19:53:45.526 ERROR [http-nio-8080-exec-10] c.h.q.e.GlobalExceptionHandler - AppError occurred: RESERVATION_004 - Guest not found.
2025-12-01 20:07:04.807 INFO  [SpringApplicationShutdownHook] o.s.b.w.e.tomcat.GracefulShutdown - Commencing graceful shutdown. Waiting for active requests to complete
2025-12-01 20:07:04.820 INFO  [tomcat-shutdown] o.s.b.w.e.tomcat.GracefulShutdown - Graceful shutdown complete
2025-12-01 20:07:05.603 INFO  [SpringApplicationShutdownHook] o.s.o.j.LocalContainerEntityManagerFactoryBean - Closing JPA EntityManagerFactory for persistence unit 'default'
2025-12-01 20:07:05.670 INFO  [SpringApplicationShutdownHook] com.zaxxer.hikari.HikariDataSource - HikariPool-1 - Shutdown initiated...
2025-12-01 20:07:05.820 INFO  [SpringApplicationShutdownHook] com.zaxxer.hikari.HikariDataSource - HikariPool-1 - Shutdown completed.
